# JRE version: OpenJDK Runtime Environment Temurin-21.0.8+9 (21.0.8+9) (build 21.0.8+9-LTS)
# Java VM: OpenJDK 64-Bit Server VM Temurin-21.0.8+9 (21.0.8+9-LTS, mixed mode, emulated-client, sharing, tiered, compressed oops, compressed class ptrs, g1 gc, windows-amd64)
GC Precious Log:
 CardTable entry size: 512
 Card Set container configuration: InlinePtr #cards 4 size 8 Array Of Cards #cards 16 size 48 Howl #buckets 8 coarsen threshold 3686 Howl Bitmap #cards 512 size 80 coarsen threshold 460 Card regions per heap region 1 cards per card region 4096
 CPUs: 8 total, 8 available
 Memory: 16178M
 Large Page Support: Disabled
 NUMA Support: Disabled
 Compressed Oops: Enabled (Zero based)
 Heap Region Size: 2M
 Heap Min Capacity: 8M
 Heap Initial Capacity: 254M
 Heap Max Capacity: 4046M
 Pre-touch: Disabled
 Parallel Workers: 8
 Concurrent Workers: 2
 Concurrent Refinement Workers: 8
 Periodic GC: Disabled
Heap:
 garbage-first heap   total 139264K, used 51262K [0x0000000703200000, 0x0000000800000000)
  region size 2048K, 3 young (6144K), 3 survivors (6144K)
 Metaspace       used 80731K, committed 81600K, reserved 1179648K
  class space    used 11439K, committed 11840K, reserved 1048576K
GC Heap History (20 events):
Event: 3.897 GC heap after
{Heap after GC invocations=12 (full 0):
 garbage-first heap   total 94208K, used 28920K [0x0000000703200000, 0x0000000800000000)
  region size 2048K, 3 young (6144K), 3 survivors (6144K)
 Metaspace       used 34829K, committed 35328K, reserved 1114112K
  class space    used 4702K, committed 4928K, reserved 1048576K
}
Event: 4.307 GC heap before
{Heap before GC invocations=12 (full 0):
 garbage-first heap   total 94208K, used 78072K [0x0000000703200000, 0x0000000800000000)
  region size 2048K, 27 young (55296K), 3 survivors (6144K)
 Metaspace       used 38512K, committed 39104K, reserved 1114112K
  class space    used 5246K, committed 5504K, reserved 1048576K
}
Event: 4.313 GC heap after
{Heap after GC invocations=13 (full 0):
 garbage-first heap   total 94208K, used 32093K [0x0000000703200000, 0x0000000800000000)
  region size 2048K, 3 young (6144K), 3 survivors (6144K)
 Metaspace       used 38512K, committed 39104K, reserved 1114112K
  class space    used 5246K, committed 5504K, reserved 1048576K
}
Event: 4.721 GC heap before
{Heap before GC invocations=13 (full 0):
 garbage-first heap   total 94208K, used 79197K [0x0000000703200000, 0x0000000800000000)
  region size 2048K, 27 young (55296K), 3 survivors (6144K)
 Metaspace       used 40003K, committed 40576K, reserved 1114112K
  class space    used 5472K, committed 5696K, reserved 1048576K
}
Event: 4.729 GC heap after
{Heap after GC invocations=14 (full 0):
 garbage-first heap   total 114688K, used 36407K [0x0000000703200000, 0x0000000800000000)
  region size 2048K, 4 young (8192K), 4 survivors (8192K)
 Metaspace       used 40003K, committed 40576K, reserved 1114112K
  class space    used 5472K, committed 5696K, reserved 1048576K
}
Event: 5.107 GC heap before
{Heap before GC invocations=14 (full 0):
 garbage-first heap   total 114688K, used 95799K [0x0000000703200000, 0x0000000800000000)
  region size 2048K, 33 young (67584K), 4 survivors (8192K)
 Metaspace       used 45379K, committed 46016K, reserved 1114112K
  class space    used 6293K, committed 6592K, reserved 1048576K
}
Event: 5.114 GC heap after
{Heap after GC invocations=15 (full 0):
 garbage-first heap   total 114688K, used 37820K [0x0000000703200000, 0x0000000800000000)
  region size 2048K, 3 young (6144K), 3 survivors (6144K)
 Metaspace       used 45379K, committed 46016K, reserved 1114112K
  class space    used 6293K, committed 6592K, reserved 1048576K
}
Event: 5.670 GC heap before
{Heap before GC invocations=15 (full 0):
 garbage-first heap   total 114688K, used 99260K [0x0000000703200000, 0x0000000800000000)
  region size 2048K, 33 young (67584K), 3 survivors (6144K)
 Metaspace       used 51518K, committed 52096K, reserved 1114112K
  class space    used 7118K, committed 7360K, reserved 1048576K
}
Event: 5.676 GC heap after
{Heap after GC invocations=16 (full 0):
 garbage-first heap   total 114688K, used 39596K [0x0000000703200000, 0x0000000800000000)
  region size 2048K, 2 young (4096K), 2 survivors (4096K)
 Metaspace       used 51518K, committed 52096K, reserved 1114112K
  class space    used 7118K, committed 7360K, reserved 1048576K
}
Event: 5.834 GC heap before
{Heap before GC invocations=16 (full 0):
 garbage-first heap   total 114688K, used 60076K [0x0000000703200000, 0x0000000800000000)
  region size 2048K, 13 young (26624K), 2 survivors (4096K)
 Metaspace       used 53247K, committed 53888K, reserved 1114112K
  class space    used 7331K, committed 7616K, reserved 1048576K
}
Event: 5.838 GC heap after
{Heap after GC invocations=17 (full 0):
 garbage-first heap   total 114688K, used 39614K [0x0000000703200000, 0x0000000800000000)
  region size 2048K, 2 young (4096K), 2 survivors (4096K)
 Metaspace       used 53247K, committed 53888K, reserved 1114112K
  class space    used 7331K, committed 7616K, reserved 1048576K
}
Event: 6.298 GC heap before
{Heap before GC invocations=18 (full 0):
 garbage-first heap   total 114688K, used 99006K [0x0000000703200000, 0x0000000800000000)
  region size 2048K, 32 young (65536K), 2 survivors (4096K)
 Metaspace       used 59488K, committed 60160K, reserved 1114112K
  class space    used 8351K, committed 8640K, reserved 1048576K
}
Event: 6.303 GC heap after
{Heap after GC invocations=19 (full 0):
 garbage-first heap   total 139264K, used 40263K [0x0000000703200000, 0x0000000800000000)
  region size 2048K, 2 young (4096K), 2 survivors (4096K)
 Metaspace       used 59488K, committed 60160K, reserved 1114112K
  class space    used 8351K, committed 8640K, reserved 1048576K
}
Event: 6.916 GC heap before
{Heap before GC invocations=19 (full 0):
 garbage-first heap   total 139264K, used 118087K [0x0000000703200000, 0x0000000800000000)
  region size 2048K, 40 young (81920K), 2 survivors (4096K)
 Metaspace       used 66077K, committed 66752K, reserved 1114112K
  class space    used 9293K, committed 9600K, reserved 1048576K
}
Event: 6.925 GC heap after
{Heap after GC invocations=20 (full 0):
 garbage-first heap   total 139264K, used 41978K [0x0000000703200000, 0x0000000800000000)
  region size 2048K, 3 young (6144K), 3 survivors (6144K)
 Metaspace       used 66077K, committed 66752K, reserved 1114112K
  class space    used 9293K, committed 9600K, reserved 1048576K
}
Event: 7.543 GC heap before
{Heap before GC invocations=20 (full 0):
 garbage-first heap   total 139264K, used 117754K [0x0000000703200000, 0x0000000800000000)
  region size 2048K, 40 young (81920K), 3 survivors (6144K)
 Metaspace       used 70608K, committed 71296K, reserved 1114112K
  class space    used 9951K, committed 10240K, reserved 1048576K
}
Event: 7.550 GC heap after
{Heap after GC invocations=21 (full 0):
 garbage-first heap   total 139264K, used 45180K [0x0000000703200000, 0x0000000800000000)
  region size 2048K, 4 young (8192K), 4 survivors (8192K)
 Metaspace       used 70608K, committed 71296K, reserved 1114112K
  class space    used 9951K, committed 10240K, reserved 1048576K
}
Event: 8.222 GC heap before
{Heap before GC invocations=21 (full 0):
 garbage-first heap   total 139264K, used 118908K [0x0000000703200000, 0x0000000800000000)
  region size 2048K, 40 young (81920K), 4 survivors (8192K)
 Metaspace       used 74384K, committed 75136K, reserved 1114112K
  class space    used 10522K, committed 10880K, reserved 1048576K
}
Event: 8.231 GC heap after
{Heap after GC invocations=22 (full 0):
 garbage-first heap   total 139264K, used 49200K [0x0000000703200000, 0x0000000800000000)
  region size 2048K, 4 young (8192K), 4 survivors (8192K)
 Metaspace       used 74384K, committed 75136K, reserved 1114112K
  class space    used 10522K, committed 10880K, reserved 1048576K
}
Event: 14.251 GC heap before
{Heap before GC invocations=22 (full 0):
 garbage-first heap   total 139264K, used 120880K [0x0000000703200000, 0x0000000800000000)
  region size 2048K, 39 young (79872K), 4 survivors (8192K)
 Metaspace       used 80731K, committed 81600K, reserved 1179648K
  class space    used 11439K, committed 11840K, reserved 1048576K
}

