# JRE version: OpenJDK Runtime Environment Temurin-21.0.8+9 (21.0.8+9) (build 21.0.8+9-LTS)
# Java VM: OpenJDK 64-Bit Server VM Temurin-21.0.8+9 (21.0.8+9-LTS, mixed mode, emulated-client, sharing, tiered, compressed oops, compressed class ptrs, g1 gc, windows-amd64)
GC Precious Log:
 CardTable entry size: 512
 Card Set container configuration: InlinePtr #cards 4 size 8 Array Of Cards #cards 16 size 48 Howl #buckets 8 coarsen threshold 3686 Howl Bitmap #cards 512 size 80 coarsen threshold 460 Card regions per heap region 1 cards per card region 4096
 CPUs: 8 total, 8 available
 Memory: 16178M
 Large Page Support: Disabled
 NUMA Support: Disabled
 Compressed Oops: Enabled (Zero based)
 Heap Region Size: 2M
 Heap Min Capacity: 8M
 Heap Initial Capacity: 254M
 Heap Max Capacity: 4046M
 Pre-touch: Disabled
 Parallel Workers: 8
 Concurrent Workers: 2
 Concurrent Refinement Workers: 8
 Periodic GC: Disabled
Heap:
 garbage-first heap   total 135168K, used 75418K [0x0000000703200000, 0x0000000800000000)
  region size 2048K, 8 young (16384K), 1 survivors (2048K)
 Metaspace       used 93639K, committed 94912K, reserved 1179648K
  class space    used 13193K, committed 13824K, reserved 1048576K
GC Heap History (20 events):
Event: 118.922 GC heap after
{Heap after GC invocations=33 (full 0):
 garbage-first heap   total 133120K, used 63037K [0x0000000703200000, 0x0000000800000000)
  region size 2048K, 4 young (8192K), 4 survivors (8192K)
 Metaspace       used 92742K, committed 94016K, reserved 1179648K
  class space    used 13183K, committed 13760K, reserved 1048576K
}
Event: 236.181 GC heap before
{Heap before GC invocations=33 (full 0):
 garbage-first heap   total 133120K, used 112189K [0x0000000703200000, 0x0000000800000000)
  region size 2048K, 29 young (59392K), 4 survivors (8192K)
 Metaspace       used 92744K, committed 94016K, reserved 1179648K
  class space    used 13184K, committed 13760K, reserved 1048576K
}
Event: 236.187 GC heap after
{Heap after GC invocations=34 (full 0):
 garbage-first heap   total 133120K, used 62832K [0x0000000703200000, 0x0000000800000000)
  region size 2048K, 2 young (4096K), 2 survivors (4096K)
 Metaspace       used 92744K, committed 94016K, reserved 1179648K
  class space    used 13184K, committed 13760K, reserved 1048576K
}
Event: 257.262 GC heap before
{Heap before GC invocations=34 (full 0):
 garbage-first heap   total 133120K, used 71024K [0x0000000703200000, 0x0000000800000000)
  region size 2048K, 7 young (14336K), 2 survivors (4096K)
 Metaspace       used 92839K, committed 94080K, reserved 1179648K
  class space    used 13205K, committed 13760K, reserved 1048576K
}
Event: 257.331 GC heap after
{Heap after GC invocations=35 (full 1):
 garbage-first heap   total 133120K, used 44317K [0x0000000703200000, 0x0000000800000000)
  region size 2048K, 0 young (0K), 0 survivors (0K)
 Metaspace       used 91661K, committed 94080K, reserved 1179648K
  class space    used 12914K, committed 13760K, reserved 1048576K
}
Event: 264.550 GC heap before
{Heap before GC invocations=35 (full 1):
 garbage-first heap   total 133120K, used 113949K [0x0000000703200000, 0x0000000800000000)
  region size 2048K, 35 young (71680K), 0 survivors (0K)
 Metaspace       used 92187K, committed 94080K, reserved 1179648K
  class space    used 12981K, committed 13760K, reserved 1048576K
}
Event: 264.556 GC heap after
{Heap after GC invocations=36 (full 1):
 garbage-first heap   total 133120K, used 51183K [0x0000000703200000, 0x0000000800000000)
  region size 2048K, 4 young (8192K), 4 survivors (8192K)
 Metaspace       used 92187K, committed 94080K, reserved 1179648K
  class space    used 12981K, committed 13760K, reserved 1048576K
}
Event: 265.441 GC heap before
{Heap before GC invocations=37 (full 1):
 garbage-first heap   total 133120K, used 106479K [0x0000000703200000, 0x0000000800000000)
  region size 2048K, 32 young (65536K), 4 survivors (8192K)
 Metaspace       used 92891K, committed 94208K, reserved 1179648K
  class space    used 13053K, committed 13760K, reserved 1048576K
}
Event: 265.449 GC heap after
{Heap after GC invocations=38 (full 1):
 garbage-first heap   total 133120K, used 54542K [0x0000000703200000, 0x0000000800000000)
  region size 2048K, 3 young (6144K), 3 survivors (6144K)
 Metaspace       used 92891K, committed 94208K, reserved 1179648K
  class space    used 13053K, committed 13760K, reserved 1048576K
}
Event: 272.731 GC heap before
{Heap before GC invocations=38 (full 1):
 garbage-first heap   total 133120K, used 107790K [0x0000000703200000, 0x0000000800000000)
  region size 2048K, 30 young (61440K), 3 survivors (6144K)
 Metaspace       used 93260K, committed 94464K, reserved 1179648K
  class space    used 13105K, committed 13824K, reserved 1048576K
}
Event: 272.738 GC heap after
{Heap after GC invocations=39 (full 1):
 garbage-first heap   total 133120K, used 58422K [0x0000000703200000, 0x0000000800000000)
  region size 2048K, 2 young (4096K), 2 survivors (4096K)
 Metaspace       used 93260K, committed 94464K, reserved 1179648K
  class space    used 13105K, committed 13824K, reserved 1048576K
}
Event: 375.163 GC heap before
{Heap before GC invocations=39 (full 1):
 garbage-first heap   total 133120K, used 113718K [0x0000000703200000, 0x0000000800000000)
  region size 2048K, 30 young (61440K), 2 survivors (4096K)
 Metaspace       used 93264K, committed 94464K, reserved 1179648K
  class space    used 13105K, committed 13824K, reserved 1048576K
}
Event: 375.168 GC heap after
{Heap after GC invocations=40 (full 1):
 garbage-first heap   total 133120K, used 59067K [0x0000000703200000, 0x0000000800000000)
  region size 2048K, 3 young (6144K), 3 survivors (6144K)
 Metaspace       used 93264K, committed 94464K, reserved 1179648K
  class space    used 13105K, committed 13824K, reserved 1048576K
}
Event: 393.090 GC heap before
{Heap before GC invocations=41 (full 1):
 garbage-first heap   total 133120K, used 110267K [0x0000000703200000, 0x0000000800000000)
  region size 2048K, 29 young (59392K), 3 survivors (6144K)
 Metaspace       used 92986K, committed 94464K, reserved 1179648K
  class space    used 13035K, committed 13824K, reserved 1048576K
}
Event: 393.093 GC heap after
{Heap after GC invocations=42 (full 1):
 garbage-first heap   total 133120K, used 58308K [0x0000000703200000, 0x0000000800000000)
  region size 2048K, 1 young (2048K), 1 survivors (2048K)
 Metaspace       used 92986K, committed 94464K, reserved 1179648K
  class space    used 13035K, committed 13824K, reserved 1048576K
}
Event: 436.158 GC heap before
{Heap before GC invocations=42 (full 1):
 garbage-first heap   total 133120K, used 115652K [0x0000000703200000, 0x0000000800000000)
  region size 2048K, 29 young (59392K), 1 survivors (2048K)
 Metaspace       used 93702K, committed 94912K, reserved 1179648K
  class space    used 13207K, committed 13824K, reserved 1048576K
}
Event: 436.166 GC heap after
{Heap after GC invocations=43 (full 1):
 garbage-first heap   total 135168K, used 62159K [0x0000000703200000, 0x0000000800000000)
  region size 2048K, 4 young (8192K), 4 survivors (8192K)
 Metaspace       used 93702K, committed 94912K, reserved 1179648K
  class space    used 13207K, committed 13824K, reserved 1048576K
}
Event: 578.535 GC heap before
{Heap before GC invocations=43 (full 1):
 garbage-first heap   total 135168K, used 115407K [0x0000000703200000, 0x0000000800000000)
  region size 2048K, 31 young (63488K), 4 survivors (8192K)
 Metaspace       used 93702K, committed 94912K, reserved 1179648K
  class space    used 13207K, committed 13824K, reserved 1048576K
}
Event: 578.540 GC heap after
{Heap after GC invocations=44 (full 1):
 garbage-first heap   total 135168K, used 63130K [0x0000000703200000, 0x0000000800000000)
  region size 2048K, 1 young (2048K), 1 survivors (2048K)
 Metaspace       used 93702K, committed 94912K, reserved 1179648K
  class space    used 13207K, committed 13824K, reserved 1048576K
}
Event: 609.906 GC heap before
{Heap before GC invocations=45 (full 1):
 garbage-first heap   total 135168K, used 75418K [0x0000000703200000, 0x0000000800000000)
  region size 2048K, 8 young (16384K), 1 survivors (2048K)
 Metaspace       used 93639K, committed 94912K, reserved 1179648K
  class space    used 13193K, committed 13824K, reserved 1048576K
}

