# JRE version: OpenJDK Runtime Environment Temurin-21.0.8+9 (21.0.8+9) (build 21.0.8+9-LTS)
# Java VM: OpenJDK 64-Bit Server VM Temurin-21.0.8+9 (21.0.8+9-LTS, mixed mode, emulated-client, sharing, tiered, compressed oops, compressed class ptrs, g1 gc, windows-amd64)
GC Precious Log:
 CardTable entry size: 512
 Card Set container configuration: InlinePtr #cards 4 size 8 Array Of Cards #cards 16 size 48 Howl #buckets 8 coarsen threshold 3686 Howl Bitmap #cards 512 size 80 coarsen threshold 460 Card regions per heap region 1 cards per card region 4096
 CPUs: 8 total, 8 available
 Memory: 16178M
 Large Page Support: Disabled
 NUMA Support: Disabled
 Compressed Oops: Enabled (Zero based)
 Heap Region Size: 2M
 Heap Min Capacity: 8M
 Heap Initial Capacity: 254M
 Heap Max Capacity: 4046M
 Pre-touch: Disabled
 Parallel Workers: 8
 Concurrent Workers: 2
 Concurrent Refinement Workers: 8
 Periodic GC: Disabled
Heap:
 garbage-first heap   total 141312K, used 79132K [0x0000000703200000, 0x0000000800000000)
  region size 2048K, 15 young (30720K), 4 survivors (8192K)
 Metaspace       used 94627K, committed 96000K, reserved 1179648K
  class space    used 13325K, committed 13952K, reserved 1048576K
GC Heap History (20 events):
Event: 3971.517 GC heap after
{Heap after GC invocations=72 (full 6):
 garbage-first heap   total 141312K, used 62184K [0x0000000703200000, 0x0000000800000000)
  region size 2048K, 1 young (2048K), 1 survivors (2048K)
 Metaspace       used 92356K, committed 93696K, reserved 1179648K
  class space    used 13103K, committed 13696K, reserved 1048576K
}
Event: 4074.834 GC heap before
{Heap before GC invocations=73 (full 6):
 garbage-first heap   total 141312K, used 94952K [0x0000000703200000, 0x0000000800000000)
  region size 2048K, 19 young (38912K), 1 survivors (2048K)
 Metaspace       used 92244K, committed 93696K, reserved 1179648K
  class space    used 13073K, committed 13696K, reserved 1048576K
}
Event: 4074.912 GC heap after
{Heap after GC invocations=74 (full 7):
 garbage-first heap   total 141312K, used 45653K [0x0000000703200000, 0x0000000800000000)
  region size 2048K, 0 young (0K), 0 survivors (0K)
 Metaspace       used 92019K, committed 93696K, reserved 1179648K
  class space    used 13020K, committed 13696K, reserved 1048576K
}
Event: 4075.911 GC heap before
{Heap before GC invocations=74 (full 7):
 garbage-first heap   total 141312K, used 117333K [0x0000000703200000, 0x0000000800000000)
  region size 2048K, 36 young (73728K), 0 survivors (0K)
 Metaspace       used 92432K, committed 93760K, reserved 1179648K
  class space    used 13089K, committed 13696K, reserved 1048576K
}
Event: 4075.918 GC heap after
{Heap after GC invocations=75 (full 7):
 garbage-first heap   total 141312K, used 52680K [0x0000000703200000, 0x0000000800000000)
  region size 2048K, 4 young (8192K), 4 survivors (8192K)
 Metaspace       used 92432K, committed 93760K, reserved 1179648K
  class space    used 13089K, committed 13696K, reserved 1048576K
}
Event: 4076.673 GC heap before
{Heap before GC invocations=76 (full 7):
 garbage-first heap   total 141312K, used 116168K [0x0000000703200000, 0x0000000800000000)
  region size 2048K, 36 young (73728K), 4 survivors (8192K)
 Metaspace       used 92428K, committed 93760K, reserved 1179648K
  class space    used 13023K, committed 13696K, reserved 1048576K
}
Event: 4076.681 GC heap after
{Heap after GC invocations=77 (full 7):
 garbage-first heap   total 141312K, used 57292K [0x0000000703200000, 0x0000000800000000)
  region size 2048K, 3 young (6144K), 3 survivors (6144K)
 Metaspace       used 92428K, committed 93760K, reserved 1179648K
  class space    used 13023K, committed 13696K, reserved 1048576K
}
Event: 4108.453 GC heap before
{Heap before GC invocations=77 (full 7):
 garbage-first heap   total 141312K, used 112588K [0x0000000703200000, 0x0000000800000000)
  region size 2048K, 32 young (65536K), 3 survivors (6144K)
 Metaspace       used 93301K, committed 94720K, reserved 1179648K
  class space    used 13194K, committed 13824K, reserved 1048576K
}
Event: 4108.539 GC heap after
{Heap after GC invocations=78 (full 8):
 garbage-first heap   total 141312K, used 51841K [0x0000000703200000, 0x0000000800000000)
  region size 2048K, 0 young (0K), 0 survivors (0K)
 Metaspace       used 93162K, committed 94720K, reserved 1179648K
  class space    used 13162K, committed 13824K, reserved 1048576K
}
Event: 4109.162 GC heap before
{Heap before GC invocations=78 (full 8):
 garbage-first heap   total 141312K, used 117377K [0x0000000703200000, 0x0000000800000000)
  region size 2048K, 33 young (67584K), 0 survivors (0K)
 Metaspace       used 93458K, committed 94848K, reserved 1179648K
  class space    used 13211K, committed 13824K, reserved 1048576K
}
Event: 4109.167 GC heap after
{Heap after GC invocations=79 (full 8):
 garbage-first heap   total 141312K, used 56807K [0x0000000703200000, 0x0000000800000000)
  region size 2048K, 3 young (6144K), 3 survivors (6144K)
 Metaspace       used 93458K, committed 94848K, reserved 1179648K
  class space    used 13211K, committed 13824K, reserved 1048576K
}
Event: 4109.913 GC heap before
{Heap before GC invocations=80 (full 8):
 garbage-first heap   total 141312K, used 120295K [0x0000000703200000, 0x0000000800000000)
  region size 2048K, 34 young (69632K), 3 survivors (6144K)
 Metaspace       used 93918K, committed 95296K, reserved 1179648K
  class space    used 13255K, committed 13888K, reserved 1048576K
}
Event: 4109.918 GC heap after
{Heap after GC invocations=81 (full 8):
 garbage-first heap   total 141312K, used 59434K [0x0000000703200000, 0x0000000800000000)
  region size 2048K, 4 young (8192K), 4 survivors (8192K)
 Metaspace       used 93918K, committed 95296K, reserved 1179648K
  class space    used 13255K, committed 13888K, reserved 1048576K
}
Event: 4157.264 GC heap before
{Heap before GC invocations=81 (full 8):
 garbage-first heap   total 141312K, used 86058K [0x0000000703200000, 0x0000000800000000)
  region size 2048K, 18 young (36864K), 4 survivors (8192K)
 Metaspace       used 93926K, committed 95296K, reserved 1179648K
  class space    used 13257K, committed 13888K, reserved 1048576K
}
Event: 4157.351 GC heap after
{Heap after GC invocations=82 (full 9):
 garbage-first heap   total 141312K, used 51275K [0x0000000703200000, 0x0000000800000000)
  region size 2048K, 0 young (0K), 0 survivors (0K)
 Metaspace       used 93891K, committed 95296K, reserved 1179648K
  class space    used 13253K, committed 13888K, reserved 1048576K
}
Event: 4158.246 GC heap before
{Heap before GC invocations=82 (full 9):
 garbage-first heap   total 141312K, used 118859K [0x0000000703200000, 0x0000000800000000)
  region size 2048K, 34 young (69632K), 0 survivors (0K)
 Metaspace       used 94188K, committed 95552K, reserved 1179648K
  class space    used 13288K, committed 13888K, reserved 1048576K
}
Event: 4158.250 GC heap after
{Heap after GC invocations=83 (full 9):
 garbage-first heap   total 141312K, used 56318K [0x0000000703200000, 0x0000000800000000)
  region size 2048K, 3 young (6144K), 3 survivors (6144K)
 Metaspace       used 94188K, committed 95552K, reserved 1179648K
  class space    used 13288K, committed 13888K, reserved 1048576K
}
Event: 4158.879 GC heap before
{Heap before GC invocations=84 (full 9):
 garbage-first heap   total 141312K, used 117758K [0x0000000703200000, 0x0000000800000000)
  region size 2048K, 34 young (69632K), 3 survivors (6144K)
 Metaspace       used 94618K, committed 96000K, reserved 1179648K
  class space    used 13323K, committed 13952K, reserved 1048576K
}
Event: 4158.885 GC heap after
{Heap after GC invocations=85 (full 9):
 garbage-first heap   total 141312K, used 58652K [0x0000000703200000, 0x0000000800000000)
  region size 2048K, 4 young (8192K), 4 survivors (8192K)
 Metaspace       used 94618K, committed 96000K, reserved 1179648K
  class space    used 13323K, committed 13952K, reserved 1048576K
}
Event: 4190.622 GC heap before
{Heap before GC invocations=85 (full 9):
 garbage-first heap   total 141312K, used 79132K [0x0000000703200000, 0x0000000800000000)
  region size 2048K, 15 young (30720K), 4 survivors (8192K)
 Metaspace       used 94627K, committed 96000K, reserved 1179648K
  class space    used 13325K, committed 13952K, reserved 1048576K
}

